AppGroup/Prize_left_page_launcher/PrizeLauncher3/proguard/mapping.txt
com.android.launcher3.AccessibleTabView -> com.android.launcher3.AccessibleTabView:
    java.lang.String TAG -> TAG
    50:50:boolean onKeyDown(int,android.view.KeyEvent) -> onKeyDown
    60:60:boolean onKeyUp(int,android.view.KeyEvent) -> onKeyUp
com.android.launcher3.AddAdapter -> com.android.launcher3.AddAdapter:
    android.view.LayoutInflater mInflater -> mInflater
    java.util.ArrayList mItems -> mItems
    int ITEM_SHORTCUT -> ITEM_SHORTCUT
    int ITEM_APPWIDGET -> ITEM_APPWIDGET
    int ITEM_APPLICATION -> ITEM_APPLICATION
    int ITEM_WALLPAPER -> ITEM_WALLPAPER
    78:89:android.view.View getView(int,android.view.View,android.view.ViewGroup) -> getView
    93:93:int getCount() -> getCount
    97:97:java.lang.Object getItem(int) -> getItem
    101:101:long getItemId(int) -> getItemId
com.android.launcher3.AddAdapter$ListItem -> com.android.launcher3.AddAdapter$ListItem:
    java.lang.CharSequence text -> text
    android.graphics.drawable.Drawable image -> image
    int actionTag -> actionTag
    com.android.launcher3.AddAdapter this$0 -> this$0
com.android.launcher3.Alarm -> com.android.launcher3.Alarm:
    java.lang.String TAG -> TAG
    long mAlarmTriggerTime -> mAlarmTriggerTime
    boolean mWaitingForCallback -> mWaitingForCallback
    android.os.Handler mHandler -> mHandler
    com.android.launcher3.OnAlarmListener mAlarmListener -> mAlarmListener
    boolean mAlarmPending -> mAlarmPending
    43:44:void setOnAlarmListener(com.android.launcher3.OnAlarmListener) -> setOnAlarmListener
    49:60:void setAlarm(long) -> setAlarm
    67:69:void cancelAlarm() -> cancelAlarm
    73:94:void run() -> run
    97:97:boolean alarmPending() -> alarmPending
com.android.launcher3.AllAppsList -> com.android.launcher3.AllAppsList:
    java.lang.String TAG -> TAG
    java.lang.String TAG_TOPPACKAGES -> TAG_TOPPACKAGES
    java.lang.String WIFI_SETTINGPKGNAME -> WIFI_SETTINGPKGNAME
    java.lang.String WIFI_SETTINGCLASSNAME -> WIFI_SETTINGCLASSNAME
    boolean DEBUG_LOADERS_REORDER -> DEBUG_LOADERS_REORDER
    int DEFAULT_APPLICATIONS_NUMBER -> DEFAULT_APPLICATIONS_NUMBER
    java.util.ArrayList data -> data
    java.util.ArrayList added -> added
    java.util.ArrayList removed -> removed
    java.util.ArrayList modified -> modified
    com.android.launcher3.IconCache mIconCache -> mIconCache
    java.util.List mFilterApps -> mFilterApps
    java.util.ArrayList sTopPackages -> sTopPackages
    115:132:void add(com.android.launcher3.AppInfo) -> add
    136:136:void removePackageName() -> removePackageName
    143:148:void clear() -> clear
    151:151:int size() -> size
    156:159:void removeSTKActivity() -> removeSTKActivity
    161:161:com.android.launcher3.AppInfo get(int) -> get
    168:179:void addPackage(android.content.Context,java.lang.String) -> addPackage
    185:200:void removePackage(java.lang.String) -> removePackage
    206:267:void updatePackage(android.content.Context,java.lang.String,boolean) -> updatePackage
    273:280:java.util.List findActivitiesForPackage(android.content.Context,java.lang.String) -> findActivitiesForPackage
com.android.launcher3.AllAppsList$TopPackage -> com.android.launcher3.AllAppsList$TopPackage:
    java.lang.String packageName -> packageName
    java.lang.String className -> className
    int order -> order
...
org.codehaus.jackson.map.deser.std.StringDeserializer -> org.codehaus.jackson.map.deser.std.StringDeserializer:
    23:44:java.lang.String deserialize(org.codehaus.jackson.JsonParser,org.codehaus.jackson.map.DeserializationContext) -> deserialize
    54:54:java.lang.String deserializeWithType(org.codehaus.jackson.JsonParser,org.codehaus.jackson.map.DeserializationContext,org.codehaus.jackson.map.TypeDeserializer) -> deserializeWithType
    13:13:java.lang.Object deserializeWithType(org.codehaus.jackson.JsonParser,org.codehaus.jackson.map.DeserializationContext,org.codehaus.jackson.map.TypeDeserializer) -> deserializeWithType
    13:13:java.lang.Object deserialize(org.codehaus.jackson.JsonParser,org.codehaus.jackson.map.DeserializationContext) -> deserialize
org.codehaus.jackson.map.deser.std.ThrowableDeserializer -> org.codehaus.jackson.map.deser.std.ThrowableDeserializer:
    java.lang.String PROP_NAME_MESSAGE -> PROP_NAME_MESSAGE
    48:55:org.codehaus.jackson.map.JsonDeserializer unwrappingDeserializer() -> unwrappingDeserializer
    70:162:java.lang.Object deserializeFromObject(org.codehaus.jackson.JsonParser,org.codehaus.jackson.map.DeserializationContext) -> deserializeFromObject
org.codehaus.jackson.map.deser.std.TimestampDeserializer -> org.codehaus.jackson.map.deser.std.TimestampDeserializer:
    28:28:java.sql.Timestamp deserialize(org.codehaus.jackson.JsonParser,org.codehaus.jackson.map.DeserializationContext) -> deserialize
    19:19:java.lang.Object deserialize(org.codehaus.jackson.JsonParser,org.codehaus.jackson.map.DeserializationContext) -> deserialize
org.codehaus.jackson.map.deser.std.TokenBufferDeserializer -> org.codehaus.jackson.map.deser.std.TokenBufferDeserializer:
    31:34:org.codehaus.jackson.util.TokenBuffer deserialize(org.codehaus.jackson.JsonParser,org.codehaus.jackson.map.DeserializationContext) -> deserialize
    21:21:java.lang.Object deserialize(org.codehaus.jackson.JsonParser,org.codehaus.jackson.map.DeserializationContext) -> deserialize
org.codehaus.jackson.map.deser.std.UntypedObjectDeserializer -> org.codehaus.jackson.map.deser.std.UntypedObjectDeserializer:
    java.lang.Object[] NO_OBJECTS -> NO_OBJECTS
    45:89:java.lang.Object deserialize(org.codehaus.jackson.JsonParser,org.codehaus.jackson.map.DeserializationContext) -> deserialize
    97:138:java.lang.Object deserializeWithType(org.codehaus.jackson.JsonParser,org.codehaus.jackson.map.DeserializationContext,org.codehaus.jackson.map.TypeDeserializer) -> deserializeWithType
    153:176:java.lang.Object mapArray(org.codehaus.jackson.JsonParser,org.codehaus.jackson.map.DeserializationContext) -> mapArray
    185:220:java.lang.Object mapObject(org.codehaus.jackson.JsonParser,org.codehaus.jackson.map.DeserializationContext) -> mapObject
    232:246:java.lang.Object[] mapArrayToArray(org.codehaus.jackson.JsonParser,org.codehaus.jackson.map.DeserializationContext) -> mapArrayToArray
org.codehaus.jackson.map.deser.std.UntypedObjectDeserializer$1 -> org.codehaus.jackson.map.deser.std.UntypedObjectDeserializer$1:
    int[] $SwitchMap$org$codehaus$jackson$JsonToken -> $SwitchMap$org$codehaus$jackson$JsonToken
org.codehaus.jackson.map.exc.UnrecognizedPropertyException -> org.codehaus.jackson.map.exc.UnrecognizedPropertyException:
    long serialVersionUID -> serialVersionUID
    java.lang.Class _referringClass -> _referringClass
    java.lang.String _unrecognizedPropertyName -> _unrecognizedPropertyName
    43:56:org.codehaus.jackson.map.exc.UnrecognizedPropertyException from(org.codehaus.jackson.JsonParser,java.lang.Object,java.lang.String) -> from
    64:64:java.lang.Class getReferringClass() -> getReferringClass
    73:73:java.lang.String getUnrecognizedPropertyName() -> getUnrecognizedPropertyName
org.codehaus.jackson.map.ext.CoreXMLDeserializers -> org.codehaus.jackson.map.ext.CoreXMLDeserializers:
    javax.xml.datatype.DatatypeFactory _dataTypeFactory -> _dataTypeFactory
    57:57:java.util.Collection provide() -> provide